{"numFailedTestSuites":1,"numFailedTests":4,"numPassedTestSuites":7,"numPassedTests":189,"numPendingTestSuites":0,"numPendingTests":0,"numRuntimeErrorTestSuites":0,"numTodoTests":0,"numTotalTestSuites":8,"numTotalTests":193,"openHandles":[],"snapshot":{"added":0,"didUpdate":false,"failure":false,"filesAdded":0,"filesRemoved":0,"filesRemovedList":[],"filesUnmatched":0,"filesUpdated":0,"matched":0,"total":0,"unchecked":0,"uncheckedKeysByFile":[],"unmatched":0,"updated":0},"startTime":1761388868982,"success":false,"testResults":[{"assertionResults":[{"ancestorTitles":["GoogleAuthService - PKCE Generation","generateCodeVerifier"],"duration":4,"failing":false,"failureDetails":[],"failureMessages":[],"fullName":"GoogleAuthService - PKCE Generation generateCodeVerifier should generate a code verifier with correct length","invocations":1,"location":null,"numPassingAsserts":4,"retryReasons":[],"startAt":1761388870289,"status":"passed","title":"should generate a code verifier with correct length"},{"ancestorTitles":["GoogleAuthService - PKCE Generation","generateCodeVerifier"],"duration":0,"failing":false,"failureDetails":[],"failureMessages":[],"fullName":"GoogleAuthService - PKCE Generation generateCodeVerifier should generate different verifiers on subsequent calls","invocations":1,"location":null,"numPassingAsserts":1,"retryReasons":[],"startAt":1761388870295,"status":"passed","title":"should generate different verifiers on subsequent calls"},{"ancestorTitles":["GoogleAuthService - PKCE Generation","generateCodeChallenge"],"duration":1,"failing":false,"failureDetails":[],"failureMessages":[],"fullName":"GoogleAuthService - PKCE Generation generateCodeChallenge should generate a valid code challenge from verifier","invocations":1,"location":null,"numPassingAsserts":3,"retryReasons":[],"startAt":1761388870296,"status":"passed","title":"should generate a valid code challenge from verifier"},{"ancestorTitles":["GoogleAuthService - PKCE Generation","generateCodeChallenge"],"duration":0,"failing":false,"failureDetails":[],"failureMessages":[],"fullName":"GoogleAuthService - PKCE Generation generateCodeChallenge should produce consistent challenge for same verifier","invocations":1,"location":null,"numPassingAsserts":1,"retryReasons":[],"startAt":1761388870297,"status":"passed","title":"should produce consistent challenge for same verifier"},{"ancestorTitles":["GoogleAuthService - PKCE Generation","base64URLEncode"],"duration":0,"failing":false,"failureDetails":[],"failureMessages":[],"fullName":"GoogleAuthService - PKCE Generation base64URLEncode should convert standard base64 to URL-safe format","invocations":1,"location":null,"numPassingAsserts":2,"retryReasons":[],"startAt":1761388870297,"status":"passed","title":"should convert standard base64 to URL-safe format"},{"ancestorTitles":["GoogleAuthService - PKCE Generation","base64URLEncode"],"duration":1,"failing":false,"failureDetails":[],"failureMessages":[],"fullName":"GoogleAuthService - PKCE Generation base64URLEncode should handle Uint8Array input","invocations":1,"location":null,"numPassingAsserts":2,"retryReasons":[],"startAt":1761388870297,"status":"passed","title":"should handle Uint8Array input"},{"ancestorTitles":["GoogleAuthService - PKCE Generation","base64URLEncode"],"duration":0,"failing":false,"failureDetails":[],"failureMessages":[],"fullName":"GoogleAuthService - PKCE Generation base64URLEncode should handle empty input","invocations":1,"location":null,"numPassingAsserts":2,"retryReasons":[],"startAt":1761388870298,"status":"passed","title":"should handle empty input"},{"ancestorTitles":["GoogleAuthService - PKCE Generation","generatePKCE"],"duration":0,"failing":false,"failureDetails":[],"failureMessages":[],"fullName":"GoogleAuthService - PKCE Generation generatePKCE should generate both verifier and challenge","invocations":1,"location":null,"numPassingAsserts":8,"retryReasons":[],"startAt":1761388870298,"status":"passed","title":"should generate both verifier and challenge"},{"ancestorTitles":["GoogleAuthService - PKCE Generation","generatePKCE"],"duration":0,"failing":false,"failureDetails":[],"failureMessages":[],"fullName":"GoogleAuthService - PKCE Generation generatePKCE should generate valid PKCE parameters meeting OAuth specs","invocations":1,"location":null,"numPassingAsserts":4,"retryReasons":[],"startAt":1761388870299,"status":"passed","title":"should generate valid PKCE parameters meeting OAuth specs"},{"ancestorTitles":["GoogleAuthService - PKCE Generation","generateState"],"duration":0,"failing":false,"failureDetails":[],"failureMessages":[],"fullName":"GoogleAuthService - PKCE Generation generateState should generate a random state parameter","invocations":1,"location":null,"numPassingAsserts":4,"retryReasons":[],"startAt":1761388870299,"status":"passed","title":"should generate a random state parameter"},{"ancestorTitles":["GoogleAuthService - PKCE Generation","generateState"],"duration":1,"failing":false,"failureDetails":[],"failureMessages":[],"fullName":"GoogleAuthService - PKCE Generation generateState should generate different states on subsequent calls","invocations":1,"location":null,"numPassingAsserts":1,"retryReasons":[],"startAt":1761388870299,"status":"passed","title":"should generate different states on subsequent calls"},{"ancestorTitles":["GoogleAuthService - PKCE Generation","buildAuthUrl"],"duration":50,"failing":false,"failureDetails":[],"failureMessages":[],"fullName":"GoogleAuthService - PKCE Generation buildAuthUrl should build a valid Google OAuth URL with all required parameters","invocations":1,"location":null,"numPassingAsserts":14,"retryReasons":[],"startAt":1761388870300,"status":"passed","title":"should build a valid Google OAuth URL with all required parameters"},{"ancestorTitles":["GoogleAuthService - PKCE Generation","buildAuthUrl"],"duration":2,"failing":false,"failureDetails":[],"failureMessages":[],"fullName":"GoogleAuthService - PKCE Generation buildAuthUrl should properly encode URL parameters","invocations":1,"location":null,"numPassingAsserts":2,"retryReasons":[],"startAt":1761388870350,"status":"passed","title":"should properly encode URL parameters"},{"ancestorTitles":["GoogleAuthService - PKCE Generation","buildAuthUrl"],"duration":1,"failing":false,"failureDetails":[],"failureMessages":[],"fullName":"GoogleAuthService - PKCE Generation buildAuthUrl should handle multiple scopes correctly","invocations":1,"location":null,"numPassingAsserts":4,"retryReasons":[],"startAt":1761388870352,"status":"passed","title":"should handle multiple scopes correctly"},{"ancestorTitles":["GoogleAuthService - PKCE Generation","buildAuthUrl"],"duration":2,"failing":false,"failureDetails":[],"failureMessages":[],"fullName":"GoogleAuthService - PKCE Generation buildAuthUrl should create a valid URL that can be parsed","invocations":1,"location":null,"numPassingAsserts":10,"retryReasons":[],"startAt":1761388870353,"status":"passed","title":"should create a valid URL that can be parsed"},{"ancestorTitles":["GoogleAuthService - PKCE Generation","signIn - OAuth Flow Initiation"],"duration":2,"failing":false,"failureDetails":[],"failureMessages":[],"fullName":"GoogleAuthService - PKCE Generation signIn - OAuth Flow Initiation should successfully complete OAuth flow and return authorization code","invocations":1,"location":null,"numPassingAsserts":6,"retryReasons":[],"startAt":1761388870355,"status":"passed","title":"should successfully complete OAuth flow and return authorization code"},{"ancestorTitles":["GoogleAuthService - PKCE Generation","signIn - OAuth Flow Initiation"],"duration":0,"failing":false,"failureDetails":[],"failureMessages":[],"fullName":"GoogleAuthService - PKCE Generation signIn - OAuth Flow Initiation should handle user cancellation gracefully","invocations":1,"location":null,"numPassingAsserts":3,"retryReasons":[],"startAt":1761388870357,"status":"passed","title":"should handle user cancellation gracefully"},{"ancestorTitles":["GoogleAuthService - PKCE Generation","signIn - OAuth Flow Initiation"],"duration":0,"failing":false,"failureDetails":[],"failureMessages":[],"fullName":"GoogleAuthService - PKCE Generation signIn - OAuth Flow Initiation should handle user dismissing the browser","invocations":1,"location":null,"numPassingAsserts":2,"retryReasons":[],"startAt":1761388870357,"status":"passed","title":"should handle user dismissing the browser"},{"ancestorTitles":["GoogleAuthService - PKCE Generation","signIn - OAuth Flow Initiation"],"duration":1,"failing":false,"failureDetails":[],"failureMessages":[],"fullName":"GoogleAuthService - PKCE Generation signIn - OAuth Flow Initiation should handle locked session error","invocations":1,"location":null,"numPassingAsserts":2,"retryReasons":[],"startAt":1761388870357,"status":"passed","title":"should handle locked session error"},{"ancestorTitles":["GoogleAuthService - PKCE Generation","signIn - OAuth Flow Initiation"],"duration":0,"failing":false,"failureDetails":[],"failureMessages":[],"fullName":"GoogleAuthService - PKCE Generation signIn - OAuth Flow Initiation should handle OAuth errors from Google","invocations":1,"location":null,"numPassingAsserts":3,"retryReasons":[],"startAt":1761388870358,"status":"passed","title":"should handle OAuth errors from Google"},{"ancestorTitles":["GoogleAuthService - PKCE Generation","signIn - OAuth Flow Initiation"],"duration":1,"failing":false,"failureDetails":[],"failureMessages":[],"fullName":"GoogleAuthService - PKCE Generation signIn - OAuth Flow Initiation should detect state parameter mismatch (CSRF protection)","invocations":1,"location":null,"numPassingAsserts":3,"retryReasons":[],"startAt":1761388870358,"status":"passed","title":"should detect state parameter mismatch (CSRF protection)"},{"ancestorTitles":["GoogleAuthService - PKCE Generation","signIn - OAuth Flow Initiation"],"duration":0,"failing":false,"failureDetails":[],"failureMessages":[],"fullName":"GoogleAuthService - PKCE Generation signIn - OAuth Flow Initiation should handle missing authorization code","invocations":1,"location":null,"numPassingAsserts":2,"retryReasons":[],"startAt":1761388870359,"status":"passed","title":"should handle missing authorization code"},{"ancestorTitles":["GoogleAuthService - PKCE Generation","signIn - OAuth Flow Initiation"],"duration":12,"failing":false,"failureDetails":[],"failureMessages":[],"fullName":"GoogleAuthService - PKCE Generation signIn - OAuth Flow Initiation should handle network errors","invocations":1,"location":null,"numPassingAsserts":2,"retryReasons":[],"startAt":1761388870359,"status":"passed","title":"should handle network errors"},{"ancestorTitles":["GoogleAuthService - PKCE Generation","signIn - OAuth Flow Initiation"],"duration":1,"failing":false,"failureDetails":[],"failureMessages":[],"fullName":"GoogleAuthService - PKCE Generation signIn - OAuth Flow Initiation should handle unexpected errors gracefully","invocations":1,"location":null,"numPassingAsserts":2,"retryReasons":[],"startAt":1761388870371,"status":"passed","title":"should handle unexpected errors gracefully"},{"ancestorTitles":["GoogleAuthService - PKCE Generation","signIn - OAuth Flow Initiation"],"duration":0,"failing":false,"failureDetails":[],"failureMessages":[],"fullName":"GoogleAuthService - PKCE Generation signIn - OAuth Flow Initiation should include PKCE parameters in the authorization URL","invocations":1,"location":null,"numPassingAsserts":2,"retryReasons":[],"startAt":1761388870372,"status":"passed","title":"should include PKCE parameters in the authorization URL"},{"ancestorTitles":["GoogleAuthService - PKCE Generation","exchangeCodeForToken - Token Exchange with Convex"],"duration":1,"failing":false,"failureDetails":[],"failureMessages":[],"fullName":"GoogleAuthService - PKCE Generation exchangeCodeForToken - Token Exchange with Convex should successfully exchange authorization code for token","invocations":1,"location":null,"numPassingAsserts":4,"retryReasons":[],"startAt":1761388870372,"status":"passed","title":"should successfully exchange authorization code for token"},{"ancestorTitles":["GoogleAuthService - PKCE Generation","exchangeCodeForToken - Token Exchange with Convex"],"duration":0,"failing":false,"failureDetails":[{"matcherResult":{"message":"expect(received).rejects.toThrow(expected)\n\nExpected substring: \"authorization code is invalid or has expired\"\n\nReceived function did not throw","pass":false},"message":"expect(received).rejects.toThrow(expected)\n\nExpected substring: \"authorization code is invalid or has expired\"\n\nReceived function did not throw"}],"failureMessages":["Error: expect(received).rejects.toThrow(expected)\n\nExpected substring: \"authorization code is invalid or has expired\"\n\nReceived function did not throw\n    at Object.toThrow (/Users/MrZang/Development/iTimedIT/node_modules/expect/build/index.js:2155:20)\n    at Object.toThrow (/Users/MrZang/Development/iTimedIT/apps/mobile/__tests__/services/googleAuth.test.ts:616:17)\n    at Generator.next (<anonymous>)\n    at asyncGeneratorStep (/Users/MrZang/Development/iTimedIT/node_modules/@babel/runtime/helpers/asyncToGenerator.js:3:17)\n    at _next (/Users/MrZang/Development/iTimedIT/node_modules/@babel/runtime/helpers/asyncToGenerator.js:17:9)\n    at /Users/MrZang/Development/iTimedIT/node_modules/@babel/runtime/helpers/asyncToGenerator.js:22:7\n    at new Promise (<anonymous>)\n    at Object.<anonymous> (/Users/MrZang/Development/iTimedIT/node_modules/@babel/runtime/helpers/asyncToGenerator.js:14:12)\n    at Promise.finally.completed (/Users/MrZang/Development/iTimedIT/node_modules/jest-circus/build/jestAdapterInit.js:1557:28)\n    at new Promise (<anonymous>)\n    at callAsyncCircusFn (/Users/MrZang/Development/iTimedIT/node_modules/jest-circus/build/jestAdapterInit.js:1497:10)\n    at _callCircusTest (/Users/MrZang/Development/iTimedIT/node_modules/jest-circus/build/jestAdapterInit.js:1007:40)\n    at processTicksAndRejections (node:internal/process/task_queues:105:5)\n    at _runTest (/Users/MrZang/Development/iTimedIT/node_modules/jest-circus/build/jestAdapterInit.js:947:3)\n    at /Users/MrZang/Development/iTimedIT/node_modules/jest-circus/build/jestAdapterInit.js:849:7\n    at _runTestsForDescribeBlock (/Users/MrZang/Development/iTimedIT/node_modules/jest-circus/build/jestAdapterInit.js:862:11)\n    at _runTestsForDescribeBlock (/Users/MrZang/Development/iTimedIT/node_modules/jest-circus/build/jestAdapterInit.js:857:11)\n    at _runTestsForDescribeBlock (/Users/MrZang/Development/iTimedIT/node_modules/jest-circus/build/jestAdapterInit.js:857:11)\n    at run (/Users/MrZang/Development/iTimedIT/node_modules/jest-circus/build/jestAdapterInit.js:761:3)\n    at runAndTransformResultsToJestFormat (/Users/MrZang/Development/iTimedIT/node_modules/jest-circus/build/jestAdapterInit.js:1918:21)\n    at jestAdapter (/Users/MrZang/Development/iTimedIT/node_modules/jest-circus/build/runner.js:101:19)\n    at runTestInternal (/Users/MrZang/Development/iTimedIT/node_modules/jest-runner/build/index.js:275:16)\n    at runTest (/Users/MrZang/Development/iTimedIT/node_modules/jest-runner/build/index.js:343:7)"],"fullName":"GoogleAuthService - PKCE Generation exchangeCodeForToken - Token Exchange with Convex should handle invalid authorization code error","invocations":1,"location":null,"numPassingAsserts":0,"retryReasons":[],"startAt":1761388870373,"status":"failed","title":"should handle invalid authorization code error"},{"ancestorTitles":["GoogleAuthService - PKCE Generation","exchangeCodeForToken - Token Exchange with Convex"],"duration":1,"failing":false,"failureDetails":[{"matcherResult":{"message":"expect(received).rejects.toThrow(expected)\n\nExpected substring: \"Network error during authentication\"\n\nReceived function did not throw","pass":false},"message":"expect(received).rejects.toThrow(expected)\n\nExpected substring: \"Network error during authentication\"\n\nReceived function did not throw"}],"failureMessages":["Error: expect(received).rejects.toThrow(expected)\n\nExpected substring: \"Network error during authentication\"\n\nReceived function did not throw\n    at Object.toThrow (/Users/MrZang/Development/iTimedIT/node_modules/expect/build/index.js:2155:20)\n    at Object.toThrow (/Users/MrZang/Development/iTimedIT/apps/mobile/__tests__/services/googleAuth.test.ts:629:17)\n    at Generator.next (<anonymous>)\n    at asyncGeneratorStep (/Users/MrZang/Development/iTimedIT/node_modules/@babel/runtime/helpers/asyncToGenerator.js:3:17)\n    at _next (/Users/MrZang/Development/iTimedIT/node_modules/@babel/runtime/helpers/asyncToGenerator.js:17:9)\n    at /Users/MrZang/Development/iTimedIT/node_modules/@babel/runtime/helpers/asyncToGenerator.js:22:7\n    at new Promise (<anonymous>)\n    at Object.<anonymous> (/Users/MrZang/Development/iTimedIT/node_modules/@babel/runtime/helpers/asyncToGenerator.js:14:12)\n    at Promise.finally.completed (/Users/MrZang/Development/iTimedIT/node_modules/jest-circus/build/jestAdapterInit.js:1557:28)\n    at new Promise (<anonymous>)\n    at callAsyncCircusFn (/Users/MrZang/Development/iTimedIT/node_modules/jest-circus/build/jestAdapterInit.js:1497:10)\n    at _callCircusTest (/Users/MrZang/Development/iTimedIT/node_modules/jest-circus/build/jestAdapterInit.js:1007:40)\n    at processTicksAndRejections (node:internal/process/task_queues:105:5)\n    at _runTest (/Users/MrZang/Development/iTimedIT/node_modules/jest-circus/build/jestAdapterInit.js:947:3)\n    at /Users/MrZang/Development/iTimedIT/node_modules/jest-circus/build/jestAdapterInit.js:849:7\n    at _runTestsForDescribeBlock (/Users/MrZang/Development/iTimedIT/node_modules/jest-circus/build/jestAdapterInit.js:862:11)\n    at _runTestsForDescribeBlock (/Users/MrZang/Development/iTimedIT/node_modules/jest-circus/build/jestAdapterInit.js:857:11)\n    at _runTestsForDescribeBlock (/Users/MrZang/Development/iTimedIT/node_modules/jest-circus/build/jestAdapterInit.js:857:11)\n    at run (/Users/MrZang/Development/iTimedIT/node_modules/jest-circus/build/jestAdapterInit.js:761:3)\n    at runAndTransformResultsToJestFormat (/Users/MrZang/Development/iTimedIT/node_modules/jest-circus/build/jestAdapterInit.js:1918:21)\n    at jestAdapter (/Users/MrZang/Development/iTimedIT/node_modules/jest-circus/build/runner.js:101:19)\n    at runTestInternal (/Users/MrZang/Development/iTimedIT/node_modules/jest-runner/build/index.js:275:16)\n    at runTest (/Users/MrZang/Development/iTimedIT/node_modules/jest-runner/build/index.js:343:7)"],"fullName":"GoogleAuthService - PKCE Generation exchangeCodeForToken - Token Exchange with Convex should handle network errors during token exchange","invocations":1,"location":null,"numPassingAsserts":0,"retryReasons":[],"startAt":1761388870374,"status":"failed","title":"should handle network errors during token exchange"},{"ancestorTitles":["GoogleAuthService - PKCE Generation","exchangeCodeForToken - Token Exchange with Convex"],"duration":1,"failing":false,"failureDetails":[{"matcherResult":{"message":"expect(received).rejects.toThrow(expected)\n\nExpected substring: \"Convex authentication failed\"\n\nReceived function did not throw","pass":false},"message":"expect(received).rejects.toThrow(expected)\n\nExpected substring: \"Convex authentication failed\"\n\nReceived function did not throw"}],"failureMessages":["Error: expect(received).rejects.toThrow(expected)\n\nExpected substring: \"Convex authentication failed\"\n\nReceived function did not throw\n    at Object.toThrow (/Users/MrZang/Development/iTimedIT/node_modules/expect/build/index.js:2155:20)\n    at Object.toThrow (/Users/MrZang/Development/iTimedIT/apps/mobile/__tests__/services/googleAuth.test.ts:642:17)\n    at Generator.next (<anonymous>)\n    at asyncGeneratorStep (/Users/MrZang/Development/iTimedIT/node_modules/@babel/runtime/helpers/asyncToGenerator.js:3:17)\n    at _next (/Users/MrZang/Development/iTimedIT/node_modules/@babel/runtime/helpers/asyncToGenerator.js:17:9)\n    at /Users/MrZang/Development/iTimedIT/node_modules/@babel/runtime/helpers/asyncToGenerator.js:22:7\n    at new Promise (<anonymous>)\n    at Object.<anonymous> (/Users/MrZang/Development/iTimedIT/node_modules/@babel/runtime/helpers/asyncToGenerator.js:14:12)\n    at Promise.finally.completed (/Users/MrZang/Development/iTimedIT/node_modules/jest-circus/build/jestAdapterInit.js:1557:28)\n    at new Promise (<anonymous>)\n    at callAsyncCircusFn (/Users/MrZang/Development/iTimedIT/node_modules/jest-circus/build/jestAdapterInit.js:1497:10)\n    at _callCircusTest (/Users/MrZang/Development/iTimedIT/node_modules/jest-circus/build/jestAdapterInit.js:1007:40)\n    at processTicksAndRejections (node:internal/process/task_queues:105:5)\n    at _runTest (/Users/MrZang/Development/iTimedIT/node_modules/jest-circus/build/jestAdapterInit.js:947:3)\n    at /Users/MrZang/Development/iTimedIT/node_modules/jest-circus/build/jestAdapterInit.js:849:7\n    at _runTestsForDescribeBlock (/Users/MrZang/Development/iTimedIT/node_modules/jest-circus/build/jestAdapterInit.js:862:11)\n    at _runTestsForDescribeBlock (/Users/MrZang/Development/iTimedIT/node_modules/jest-circus/build/jestAdapterInit.js:857:11)\n    at _runTestsForDescribeBlock (/Users/MrZang/Development/iTimedIT/node_modules/jest-circus/build/jestAdapterInit.js:857:11)\n    at run (/Users/MrZang/Development/iTimedIT/node_modules/jest-circus/build/jestAdapterInit.js:761:3)\n    at runAndTransformResultsToJestFormat (/Users/MrZang/Development/iTimedIT/node_modules/jest-circus/build/jestAdapterInit.js:1918:21)\n    at jestAdapter (/Users/MrZang/Development/iTimedIT/node_modules/jest-circus/build/runner.js:101:19)\n    at runTestInternal (/Users/MrZang/Development/iTimedIT/node_modules/jest-runner/build/index.js:275:16)\n    at runTest (/Users/MrZang/Development/iTimedIT/node_modules/jest-runner/build/index.js:343:7)"],"fullName":"GoogleAuthService - PKCE Generation exchangeCodeForToken - Token Exchange with Convex should handle generic Convex errors","invocations":1,"location":null,"numPassingAsserts":0,"retryReasons":[],"startAt":1761388870375,"status":"failed","title":"should handle generic Convex errors"},{"ancestorTitles":["GoogleAuthService - PKCE Generation","exchangeCodeForToken - Token Exchange with Convex"],"duration":0,"failing":false,"failureDetails":[{"matcherResult":{"message":"expect(received).rejects.toThrow()\n\nReceived function did not throw","pass":false},"message":"expect(received).rejects.toThrow()\n\nReceived function did not throw"}],"failureMessages":["Error: expect(received).rejects.toThrow()\n\nReceived function did not throw\n    at Object.toThrow (/Users/MrZang/Development/iTimedIT/node_modules/expect/build/index.js:2155:20)\n    at Object.toThrow (/Users/MrZang/Development/iTimedIT/apps/mobile/__tests__/services/googleAuth.test.ts:653:17)\n    at Generator.next (<anonymous>)\n    at asyncGeneratorStep (/Users/MrZang/Development/iTimedIT/node_modules/@babel/runtime/helpers/asyncToGenerator.js:3:17)\n    at _next (/Users/MrZang/Development/iTimedIT/node_modules/@babel/runtime/helpers/asyncToGenerator.js:17:9)\n    at /Users/MrZang/Development/iTimedIT/node_modules/@babel/runtime/helpers/asyncToGenerator.js:22:7\n    at new Promise (<anonymous>)\n    at Object.<anonymous> (/Users/MrZang/Development/iTimedIT/node_modules/@babel/runtime/helpers/asyncToGenerator.js:14:12)\n    at Promise.finally.completed (/Users/MrZang/Development/iTimedIT/node_modules/jest-circus/build/jestAdapterInit.js:1557:28)\n    at new Promise (<anonymous>)\n    at callAsyncCircusFn (/Users/MrZang/Development/iTimedIT/node_modules/jest-circus/build/jestAdapterInit.js:1497:10)\n    at _callCircusTest (/Users/MrZang/Development/iTimedIT/node_modules/jest-circus/build/jestAdapterInit.js:1007:40)\n    at processTicksAndRejections (node:internal/process/task_queues:105:5)\n    at _runTest (/Users/MrZang/Development/iTimedIT/node_modules/jest-circus/build/jestAdapterInit.js:947:3)\n    at /Users/MrZang/Development/iTimedIT/node_modules/jest-circus/build/jestAdapterInit.js:849:7\n    at _runTestsForDescribeBlock (/Users/MrZang/Development/iTimedIT/node_modules/jest-circus/build/jestAdapterInit.js:862:11)\n    at _runTestsForDescribeBlock (/Users/MrZang/Development/iTimedIT/node_modules/jest-circus/build/jestAdapterInit.js:857:11)\n    at _runTestsForDescribeBlock (/Users/MrZang/Development/iTimedIT/node_modules/jest-circus/build/jestAdapterInit.js:857:11)\n    at run (/Users/MrZang/Development/iTimedIT/node_modules/jest-circus/build/jestAdapterInit.js:761:3)\n    at runAndTransformResultsToJestFormat (/Users/MrZang/Development/iTimedIT/node_modules/jest-circus/build/jestAdapterInit.js:1918:21)\n    at jestAdapter (/Users/MrZang/Development/iTimedIT/node_modules/jest-circus/build/runner.js:101:19)\n    at runTestInternal (/Users/MrZang/Development/iTimedIT/node_modules/jest-runner/build/index.js:275:16)\n    at runTest (/Users/MrZang/Development/iTimedIT/node_modules/jest-runner/build/index.js:343:7)"],"fullName":"GoogleAuthService - PKCE Generation exchangeCodeForToken - Token Exchange with Convex should handle errors without message","invocations":1,"location":null,"numPassingAsserts":0,"retryReasons":[],"startAt":1761388870376,"status":"failed","title":"should handle errors without message"},{"ancestorTitles":["GoogleAuthService - PKCE Generation","exchangeCodeForToken - Token Exchange with Convex"],"duration":0,"failing":false,"failureDetails":[],"failureMessages":[],"fullName":"GoogleAuthService - PKCE Generation exchangeCodeForToken - Token Exchange with Convex should pass redirect URI to Convex","invocations":1,"location":null,"numPassingAsserts":1,"retryReasons":[],"startAt":1761388870376,"status":"passed","title":"should pass redirect URI to Convex"},{"ancestorTitles":["GoogleAuthService - PKCE Generation","Error Handling - Comprehensive Error Categorization","User Cancellation Errors"],"duration":1,"failing":false,"failureDetails":[],"failureMessages":[],"fullName":"GoogleAuthService - PKCE Generation Error Handling - Comprehensive Error Categorization User Cancellation Errors should return structured error for user cancellation","invocations":1,"location":null,"numPassingAsserts":5,"retryReasons":[],"startAt":1761388870376,"status":"passed","title":"should return structured error for user cancellation"},{"ancestorTitles":["GoogleAuthService - PKCE Generation","Error Handling - Comprehensive Error Categorization","User Cancellation Errors"],"duration":0,"failing":false,"failureDetails":[],"failureMessages":[],"fullName":"GoogleAuthService - PKCE Generation Error Handling - Comprehensive Error Categorization User Cancellation Errors should return structured error for browser dismissal","invocations":1,"location":null,"numPassingAsserts":3,"retryReasons":[],"startAt":1761388870377,"status":"passed","title":"should return structured error for browser dismissal"},{"ancestorTitles":["GoogleAuthService - PKCE Generation","Error Handling - Comprehensive Error Categorization","OAuth Errors"],"duration":0,"failing":false,"failureDetails":[],"failureMessages":[],"fullName":"GoogleAuthService - PKCE Generation Error Handling - Comprehensive Error Categorization OAuth Errors should return structured error for locked session","invocations":1,"location":null,"numPassingAsserts":4,"retryReasons":[],"startAt":1761388870377,"status":"passed","title":"should return structured error for locked session"},{"ancestorTitles":["GoogleAuthService - PKCE Generation","Error Handling - Comprehensive Error Categorization","OAuth Errors"],"duration":1,"failing":false,"failureDetails":[],"failureMessages":[],"fullName":"GoogleAuthService - PKCE Generation Error Handling - Comprehensive Error Categorization OAuth Errors should return structured error for OAuth access denied","invocations":1,"location":null,"numPassingAsserts":4,"retryReasons":[],"startAt":1761388870377,"status":"passed","title":"should return structured error for OAuth access denied"},{"ancestorTitles":["GoogleAuthService - PKCE Generation","Error Handling - Comprehensive Error Categorization","OAuth Errors"],"duration":1,"failing":false,"failureDetails":[],"failureMessages":[],"fullName":"GoogleAuthService - PKCE Generation Error Handling - Comprehensive Error Categorization OAuth Errors should return structured error for state mismatch","invocations":1,"location":null,"numPassingAsserts":4,"retryReasons":[],"startAt":1761388870378,"status":"passed","title":"should return structured error for state mismatch"},{"ancestorTitles":["GoogleAuthService - PKCE Generation","Error Handling - Comprehensive Error Categorization","OAuth Errors"],"duration":0,"failing":false,"failureDetails":[],"failureMessages":[],"fullName":"GoogleAuthService - PKCE Generation Error Handling - Comprehensive Error Categorization OAuth Errors should return structured error for missing authorization code","invocations":1,"location":null,"numPassingAsserts":4,"retryReasons":[],"startAt":1761388870379,"status":"passed","title":"should return structured error for missing authorization code"},{"ancestorTitles":["GoogleAuthService - PKCE Generation","Error Handling - Comprehensive Error Categorization","Network Errors"],"duration":1,"failing":false,"failureDetails":[],"failureMessages":[],"fullName":"GoogleAuthService - PKCE Generation Error Handling - Comprehensive Error Categorization Network Errors should categorize network errors correctly","invocations":1,"location":null,"numPassingAsserts":4,"retryReasons":[],"startAt":1761388870379,"status":"passed","title":"should categorize network errors correctly"},{"ancestorTitles":["GoogleAuthService - PKCE Generation","Error Handling - Comprehensive Error Categorization","Network Errors"],"duration":0,"failing":false,"failureDetails":[],"failureMessages":[],"fullName":"GoogleAuthService - PKCE Generation Error Handling - Comprehensive Error Categorization Network Errors should handle timeout errors","invocations":1,"location":null,"numPassingAsserts":3,"retryReasons":[],"startAt":1761388870380,"status":"passed","title":"should handle timeout errors"},{"ancestorTitles":["GoogleAuthService - PKCE Generation","Error Handling - Comprehensive Error Categorization","Token Exchange Errors"],"duration":1,"failing":false,"failureDetails":[],"failureMessages":[],"fullName":"GoogleAuthService - PKCE Generation Error Handling - Comprehensive Error Categorization Token Exchange Errors should throw OAuth error for invalid authorization code","invocations":1,"location":null,"numPassingAsserts":4,"retryReasons":[],"startAt":1761388870380,"status":"passed","title":"should throw OAuth error for invalid authorization code"},{"ancestorTitles":["GoogleAuthService - PKCE Generation","Error Handling - Comprehensive Error Categorization","Token Exchange Errors"],"duration":0,"failing":false,"failureDetails":[],"failureMessages":[],"fullName":"GoogleAuthService - PKCE Generation Error Handling - Comprehensive Error Categorization Token Exchange Errors should throw OAuth error for expired code","invocations":1,"location":null,"numPassingAsserts":2,"retryReasons":[],"startAt":1761388870381,"status":"passed","title":"should throw OAuth error for expired code"},{"ancestorTitles":["GoogleAuthService - PKCE Generation","Error Handling - Comprehensive Error Categorization","Token Exchange Errors"],"duration":0,"failing":false,"failureDetails":[],"failureMessages":[],"fullName":"GoogleAuthService - PKCE Generation Error Handling - Comprehensive Error Categorization Token Exchange Errors should throw network error for connection issues","invocations":1,"location":null,"numPassingAsserts":3,"retryReasons":[],"startAt":1761388870381,"status":"passed","title":"should throw network error for connection issues"},{"ancestorTitles":["GoogleAuthService - PKCE Generation","Error Handling - Comprehensive Error Categorization","Token Exchange Errors"],"duration":0,"failing":false,"failureDetails":[],"failureMessages":[],"fullName":"GoogleAuthService - PKCE Generation Error Handling - Comprehensive Error Categorization Token Exchange Errors should throw configuration error for redirect_uri mismatch","invocations":1,"location":null,"numPassingAsserts":4,"retryReasons":[],"startAt":1761388870381,"status":"passed","title":"should throw configuration error for redirect_uri mismatch"},{"ancestorTitles":["GoogleAuthService - PKCE Generation","Error Handling - Comprehensive Error Categorization","Token Exchange Errors"],"duration":0,"failing":false,"failureDetails":[],"failureMessages":[],"fullName":"GoogleAuthService - PKCE Generation Error Handling - Comprehensive Error Categorization Token Exchange Errors should throw Convex error for generic server errors","invocations":1,"location":null,"numPassingAsserts":3,"retryReasons":[],"startAt":1761388870381,"status":"passed","title":"should throw Convex error for generic server errors"},{"ancestorTitles":["GoogleAuthService - PKCE Generation","Error Handling - Comprehensive Error Categorization","Edge Cases"],"duration":1,"failing":false,"failureDetails":[],"failureMessages":[],"fullName":"GoogleAuthService - PKCE Generation Error Handling - Comprehensive Error Categorization Edge Cases should handle app backgrounding during OAuth flow","invocations":1,"location":null,"numPassingAsserts":2,"retryReasons":[],"startAt":1761388870381,"status":"passed","title":"should handle app backgrounding during OAuth flow"},{"ancestorTitles":["GoogleAuthService - PKCE Generation","Error Handling - Comprehensive Error Categorization","Edge Cases"],"duration":0,"failing":false,"failureDetails":[],"failureMessages":[],"fullName":"GoogleAuthService - PKCE Generation Error Handling - Comprehensive Error Categorization Edge Cases should handle unexpected error types","invocations":1,"location":null,"numPassingAsserts":3,"retryReasons":[],"startAt":1761388870382,"status":"passed","title":"should handle unexpected error types"},{"ancestorTitles":["GoogleAuthService - PKCE Generation","Error Handling - Comprehensive Error Categorization","Edge Cases"],"duration":1,"failing":false,"failureDetails":[],"failureMessages":[],"fullName":"GoogleAuthService - PKCE Generation Error Handling - Comprehensive Error Categorization Edge Cases should handle errors without any properties","invocations":1,"location":null,"numPassingAsserts":3,"retryReasons":[],"startAt":1761388870382,"status":"passed","title":"should handle errors without any properties"},{"ancestorTitles":["GoogleAuthService - PKCE Generation","Error Handling - Comprehensive Error Categorization","Edge Cases"],"duration":0,"failing":false,"failureDetails":[],"failureMessages":[],"fullName":"GoogleAuthService - PKCE Generation Error Handling - Comprehensive Error Categorization Edge Cases should include timestamp in all errors","invocations":1,"location":null,"numPassingAsserts":3,"retryReasons":[],"startAt":1761388870383,"status":"passed","title":"should include timestamp in all errors"}],"endTime":1761388870397,"message":"  ● GoogleAuthService - PKCE Generation › exchangeCodeForToken - Token Exchange with Convex › should handle invalid authorization code error\n\n    expect(received).rejects.toThrow(expected)\n\n    Expected substring: \"authorization code is invalid or has expired\"\n\n    Received function did not throw\n\n      614 |       await expect(\n      615 |         serviceWithConvex.exchangeCodeForToken(code, codeVerifier)\n    > 616 |       ).rejects.toThrow('authorization code is invalid or has expired');\n          |                 ^\n      617 |     });\n      618 |\n      619 |     it('should handle network errors during token exchange', async () => {\n\n      at Object.toThrow (../../node_modules/expect/build/index.js:2155:20)\n      at Object.toThrow (__tests__/services/googleAuth.test.ts:616:17)\n      at asyncGeneratorStep (../../node_modules/@babel/runtime/helpers/asyncToGenerator.js:3:17)\n      at _next (../../node_modules/@babel/runtime/helpers/asyncToGenerator.js:17:9)\n      at ../../node_modules/@babel/runtime/helpers/asyncToGenerator.js:22:7\n      at Object.<anonymous> (../../node_modules/@babel/runtime/helpers/asyncToGenerator.js:14:12)\n\n  ● GoogleAuthService - PKCE Generation › exchangeCodeForToken - Token Exchange with Convex › should handle network errors during token exchange\n\n    expect(received).rejects.toThrow(expected)\n\n    Expected substring: \"Network error during authentication\"\n\n    Received function did not throw\n\n      627 |       await expect(\n      628 |         serviceWithConvex.exchangeCodeForToken(code, codeVerifier)\n    > 629 |       ).rejects.toThrow('Network error during authentication');\n          |                 ^\n      630 |     });\n      631 |\n      632 |     it('should handle generic Convex errors', async () => {\n\n      at Object.toThrow (../../node_modules/expect/build/index.js:2155:20)\n      at Object.toThrow (__tests__/services/googleAuth.test.ts:629:17)\n      at asyncGeneratorStep (../../node_modules/@babel/runtime/helpers/asyncToGenerator.js:3:17)\n      at _next (../../node_modules/@babel/runtime/helpers/asyncToGenerator.js:17:9)\n      at ../../node_modules/@babel/runtime/helpers/asyncToGenerator.js:22:7\n      at Object.<anonymous> (../../node_modules/@babel/runtime/helpers/asyncToGenerator.js:14:12)\n\n  ● GoogleAuthService - PKCE Generation › exchangeCodeForToken - Token Exchange with Convex › should handle generic Convex errors\n\n    expect(received).rejects.toThrow(expected)\n\n    Expected substring: \"Convex authentication failed\"\n\n    Received function did not throw\n\n      640 |       await expect(\n      641 |         serviceWithConvex.exchangeCodeForToken(code, codeVerifier)\n    > 642 |       ).rejects.toThrow('Convex authentication failed');\n          |                 ^\n      643 |     });\n      644 |\n      645 |     it('should handle errors without message', async () => {\n\n      at Object.toThrow (../../node_modules/expect/build/index.js:2155:20)\n      at Object.toThrow (__tests__/services/googleAuth.test.ts:642:17)\n      at asyncGeneratorStep (../../node_modules/@babel/runtime/helpers/asyncToGenerator.js:3:17)\n      at _next (../../node_modules/@babel/runtime/helpers/asyncToGenerator.js:17:9)\n      at ../../node_modules/@babel/runtime/helpers/asyncToGenerator.js:22:7\n      at Object.<anonymous> (../../node_modules/@babel/runtime/helpers/asyncToGenerator.js:14:12)\n\n  ● GoogleAuthService - PKCE Generation › exchangeCodeForToken - Token Exchange with Convex › should handle errors without message\n\n    expect(received).rejects.toThrow()\n\n    Received function did not throw\n\n      651 |       await expect(\n      652 |         serviceWithConvex.exchangeCodeForToken(code, codeVerifier)\n    > 653 |       ).rejects.toThrow();\n          |                 ^\n      654 |     });\n      655 |\n      656 |     it('should pass redirect URI to Convex', async () => {\n\n      at Object.toThrow (../../node_modules/expect/build/index.js:2155:20)\n      at Object.toThrow (__tests__/services/googleAuth.test.ts:653:17)\n      at asyncGeneratorStep (../../node_modules/@babel/runtime/helpers/asyncToGenerator.js:3:17)\n      at _next (../../node_modules/@babel/runtime/helpers/asyncToGenerator.js:17:9)\n      at ../../node_modules/@babel/runtime/helpers/asyncToGenerator.js:22:7\n      at Object.<anonymous> (../../node_modules/@babel/runtime/helpers/asyncToGenerator.js:14:12)\n","name":"/Users/MrZang/Development/iTimedIT/apps/mobile/__tests__/services/googleAuth.test.ts","startTime":1761388869446,"status":"failed","summary":""},{"assertionResults":[{"ancestorTitles":["Workspace Integration Suite - Complete Functionality Test","Requirement 1.1: Organization Context Detection"],"duration":0,"failing":false,"failureDetails":[],"failureMessages":[],"fullName":"Workspace Integration Suite - Complete Functionality Test Requirement 1.1: Organization Context Detection should determine user organization context on app start","invocations":1,"location":null,"numPassingAsserts":1,"retryReasons":[],"startAt":1761388871238,"status":"passed","title":"should determine user organization context on app start"},{"ancestorTitles":["Workspace Integration Suite - Complete Functionality Test","Requirement 1.1: Organization Context Detection"],"duration":1,"failing":false,"failureDetails":[],"failureMessages":[],"fullName":"Workspace Integration Suite - Complete Functionality Test Requirement 1.1: Organization Context Detection should create Personal Workspace when no organization exists","invocations":1,"location":null,"numPassingAsserts":1,"retryReasons":[],"startAt":1761388871238,"status":"passed","title":"should create Personal Workspace when no organization exists"},{"ancestorTitles":["Workspace Integration Suite - Complete Functionality Test","Requirement 2.1-2.4: Personal Projects Data Access"],"duration":0,"failing":false,"failureDetails":[],"failureMessages":[],"fullName":"Workspace Integration Suite - Complete Functionality Test Requirement 2.1-2.4: Personal Projects Data Access should fetch personal projects correctly","invocations":1,"location":null,"numPassingAsserts":3,"retryReasons":[],"startAt":1761388871239,"status":"passed","title":"should fetch personal projects correctly"},{"ancestorTitles":["Workspace Integration Suite - Complete Functionality Test","Requirement 2.1-2.4: Personal Projects Data Access"],"duration":0,"failing":false,"failureDetails":[],"failureMessages":[],"fullName":"Workspace Integration Suite - Complete Functionality Test Requirement 2.1-2.4: Personal Projects Data Access should fetch personal clients correctly","invocations":1,"location":null,"numPassingAsserts":3,"retryReasons":[],"startAt":1761388871239,"status":"passed","title":"should fetch personal clients correctly"},{"ancestorTitles":["Workspace Integration Suite - Complete Functionality Test","Requirement 2.1-2.4: Personal Projects Data Access"],"duration":0,"failing":false,"failureDetails":[],"failureMessages":[],"fullName":"Workspace Integration Suite - Complete Functionality Test Requirement 2.1-2.4: Personal Projects Data Access should fetch personal entries correctly","invocations":1,"location":null,"numPassingAsserts":3,"retryReasons":[],"startAt":1761388871239,"status":"passed","title":"should fetch personal entries correctly"},{"ancestorTitles":["Workspace Integration Suite - Complete Functionality Test","Requirement 3.1-3.4: Team Projects Data Access"],"duration":0,"failing":false,"failureDetails":[],"failureMessages":[],"fullName":"Workspace Integration Suite - Complete Functionality Test Requirement 3.1-3.4: Team Projects Data Access should fetch team projects correctly","invocations":1,"location":null,"numPassingAsserts":3,"retryReasons":[],"startAt":1761388871239,"status":"passed","title":"should fetch team projects correctly"},{"ancestorTitles":["Workspace Integration Suite - Complete Functionality Test","Requirement 3.1-3.4: Team Projects Data Access"],"duration":0,"failing":false,"failureDetails":[],"failureMessages":[],"fullName":"Workspace Integration Suite - Complete Functionality Test Requirement 3.1-3.4: Team Projects Data Access should fetch team clients correctly","invocations":1,"location":null,"numPassingAsserts":3,"retryReasons":[],"startAt":1761388871240,"status":"passed","title":"should fetch team clients correctly"},{"ancestorTitles":["Workspace Integration Suite - Complete Functionality Test","Requirement 3.1-3.4: Team Projects Data Access"],"duration":0,"failing":false,"failureDetails":[],"failureMessages":[],"fullName":"Workspace Integration Suite - Complete Functionality Test Requirement 3.1-3.4: Team Projects Data Access should fetch team entries correctly","invocations":1,"location":null,"numPassingAsserts":3,"retryReasons":[],"startAt":1761388871240,"status":"passed","title":"should fetch team entries correctly"},{"ancestorTitles":["Workspace Integration Suite - Complete Functionality Test","Requirement 4.1-4.4: Timer Functionality Across Workspaces"],"duration":0,"failing":false,"failureDetails":[],"failureMessages":[],"fullName":"Workspace Integration Suite - Complete Functionality Test Requirement 4.1-4.4: Timer Functionality Across Workspaces should start timer in personal workspace with correct context","invocations":1,"location":null,"numPassingAsserts":1,"retryReasons":[],"startAt":1761388871240,"status":"passed","title":"should start timer in personal workspace with correct context"},{"ancestorTitles":["Workspace Integration Suite - Complete Functionality Test","Requirement 4.1-4.4: Timer Functionality Across Workspaces"],"duration":0,"failing":false,"failureDetails":[],"failureMessages":[],"fullName":"Workspace Integration Suite - Complete Functionality Test Requirement 4.1-4.4: Timer Functionality Across Workspaces should start timer in team workspace with correct context","invocations":1,"location":null,"numPassingAsserts":1,"retryReasons":[],"startAt":1761388871240,"status":"passed","title":"should start timer in team workspace with correct context"},{"ancestorTitles":["Workspace Integration Suite - Complete Functionality Test","Requirement 4.1-4.4: Timer Functionality Across Workspaces"],"duration":0,"failing":false,"failureDetails":[],"failureMessages":[],"fullName":"Workspace Integration Suite - Complete Functionality Test Requirement 4.1-4.4: Timer Functionality Across Workspaces should stop timer in personal workspace","invocations":1,"location":null,"numPassingAsserts":1,"retryReasons":[],"startAt":1761388871240,"status":"passed","title":"should stop timer in personal workspace"},{"ancestorTitles":["Workspace Integration Suite - Complete Functionality Test","Requirement 4.1-4.4: Timer Functionality Across Workspaces"],"duration":0,"failing":false,"failureDetails":[],"failureMessages":[],"fullName":"Workspace Integration Suite - Complete Functionality Test Requirement 4.1-4.4: Timer Functionality Across Workspaces should stop timer in team workspace","invocations":1,"location":null,"numPassingAsserts":1,"retryReasons":[],"startAt":1761388871240,"status":"passed","title":"should stop timer in team workspace"},{"ancestorTitles":["Workspace Integration Suite - Complete Functionality Test","Requirement 4.1-4.4: Timer Functionality Across Workspaces"],"duration":1,"failing":false,"failureDetails":[],"failureMessages":[],"fullName":"Workspace Integration Suite - Complete Functionality Test Requirement 4.1-4.4: Timer Functionality Across Workspaces should send heartbeats with correct workspace context","invocations":1,"location":null,"numPassingAsserts":2,"retryReasons":[],"startAt":1761388871240,"status":"passed","title":"should send heartbeats with correct workspace context"},{"ancestorTitles":["Workspace Integration Suite - Complete Functionality Test","Requirement 5.1-5.3: Organization Switching"],"duration":0,"failing":false,"failureDetails":[],"failureMessages":[],"fullName":"Workspace Integration Suite - Complete Functionality Test Requirement 5.1-5.3: Organization Switching should switch between organizations correctly","invocations":1,"location":null,"numPassingAsserts":1,"retryReasons":[],"startAt":1761388871241,"status":"passed","title":"should switch between organizations correctly"},{"ancestorTitles":["Workspace Integration Suite - Complete Functionality Test","Requirement 5.1-5.3: Organization Switching"],"duration":0,"failing":false,"failureDetails":[],"failureMessages":[],"fullName":"Workspace Integration Suite - Complete Functionality Test Requirement 5.1-5.3: Organization Switching should handle organization switching with multiple memberships","invocations":1,"location":null,"numPassingAsserts":2,"retryReasons":[],"startAt":1761388871241,"status":"passed","title":"should handle organization switching with multiple memberships"},{"ancestorTitles":["Workspace Integration Suite - Complete Functionality Test","Requirement 5.1-5.3: Organization Switching"],"duration":0,"failing":false,"failureDetails":[],"failureMessages":[],"fullName":"Workspace Integration Suite - Complete Functionality Test Requirement 5.1-5.3: Organization Switching should persist workspace state across app restarts","invocations":1,"location":null,"numPassingAsserts":2,"retryReasons":[],"startAt":1761388871241,"status":"passed","title":"should persist workspace state across app restarts"},{"ancestorTitles":["Workspace Integration Suite - Complete Functionality Test","Requirement 6.1-6.2: Seamless Workspace Switching"],"duration":0,"failing":false,"failureDetails":[],"failureMessages":[],"fullName":"Workspace Integration Suite - Complete Functionality Test Requirement 6.1-6.2: Seamless Workspace Switching should refresh data when switching workspaces","invocations":1,"location":null,"numPassingAsserts":2,"retryReasons":[],"startAt":1761388871241,"status":"passed","title":"should refresh data when switching workspaces"},{"ancestorTitles":["Workspace Integration Suite - Complete Functionality Test","Requirement 6.1-6.2: Seamless Workspace Switching"],"duration":1,"failing":false,"failureDetails":[],"failureMessages":[],"fullName":"Workspace Integration Suite - Complete Functionality Test Requirement 6.1-6.2: Seamless Workspace Switching should handle workspace switching errors gracefully","invocations":1,"location":null,"numPassingAsserts":1,"retryReasons":[],"startAt":1761388871241,"status":"passed","title":"should handle workspace switching errors gracefully"},{"ancestorTitles":["Workspace Integration Suite - Complete Functionality Test","Data Isolation Verification"],"duration":1,"failing":false,"failureDetails":[],"failureMessages":[],"fullName":"Workspace Integration Suite - Complete Functionality Test Data Isolation Verification should never mix personal and team data","invocations":1,"location":null,"numPassingAsserts":4,"retryReasons":[],"startAt":1761388871255,"status":"passed","title":"should never mix personal and team data"},{"ancestorTitles":["Workspace Integration Suite - Complete Functionality Test","Data Isolation Verification"],"duration":2,"failing":false,"failureDetails":[],"failureMessages":[],"fullName":"Workspace Integration Suite - Complete Functionality Test Data Isolation Verification should use correct API endpoints for each workspace","invocations":1,"location":null,"numPassingAsserts":6,"retryReasons":[],"startAt":1761388871256,"status":"passed","title":"should use correct API endpoints for each workspace"},{"ancestorTitles":["Workspace Integration Suite - Complete Functionality Test","Error Handling and User Feedback"],"duration":2,"failing":false,"failureDetails":[],"failureMessages":[],"fullName":"Workspace Integration Suite - Complete Functionality Test Error Handling and User Feedback should show appropriate toast messages for workspace operations","invocations":1,"location":null,"numPassingAsserts":2,"retryReasons":[],"startAt":1761388871258,"status":"passed","title":"should show appropriate toast messages for workspace operations"},{"ancestorTitles":["Workspace Integration Suite - Complete Functionality Test","Error Handling and User Feedback"],"duration":1,"failing":false,"failureDetails":[],"failureMessages":[],"fullName":"Workspace Integration Suite - Complete Functionality Test Error Handling and User Feedback should handle network errors gracefully","invocations":1,"location":null,"numPassingAsserts":1,"retryReasons":[],"startAt":1761388871260,"status":"passed","title":"should handle network errors gracefully"},{"ancestorTitles":["Workspace Integration Suite - Complete Functionality Test","Error Handling and User Feedback"],"duration":1,"failing":false,"failureDetails":[],"failureMessages":[],"fullName":"Workspace Integration Suite - Complete Functionality Test Error Handling and User Feedback should handle permission errors appropriately","invocations":1,"location":null,"numPassingAsserts":1,"retryReasons":[],"startAt":1761388871261,"status":"passed","title":"should handle permission errors appropriately"},{"ancestorTitles":["Workspace Integration Suite - Complete Functionality Test","Complete Workflow Integration Test"],"duration":2,"failing":false,"failureDetails":[],"failureMessages":[],"fullName":"Workspace Integration Suite - Complete Functionality Test Complete Workflow Integration Test should handle complete workspace switching workflow","invocations":1,"location":null,"numPassingAsserts":9,"retryReasons":[],"startAt":1761388871262,"status":"passed","title":"should handle complete workspace switching workflow"}],"endTime":1761388871265,"message":"","name":"/Users/MrZang/Development/iTimedIT/apps/mobile/__tests__/integration/workspaceIntegrationSuite.test.ts","startTime":1761388870421,"status":"passed","summary":""},{"assertionResults":[{"ancestorTitles":["useAuth - Google OAuth Integration","GoogleAuthService Configuration"],"duration":1,"failing":false,"failureDetails":[],"failureMessages":[],"fullName":"useAuth - Google OAuth Integration GoogleAuthService Configuration should create GoogleAuthService with correct client ID from environment","invocations":1,"location":null,"numPassingAsserts":2,"retryReasons":[],"startAt":1761388871952,"status":"passed","title":"should create GoogleAuthService with correct client ID from environment"},{"ancestorTitles":["useAuth - Google OAuth Integration","GoogleAuthService Configuration"],"duration":0,"failing":false,"failureDetails":[],"failureMessages":[],"fullName":"useAuth - Google OAuth Integration GoogleAuthService Configuration should create GoogleAuthService with correct redirect URI","invocations":1,"location":null,"numPassingAsserts":2,"retryReasons":[],"startAt":1761388871953,"status":"passed","title":"should create GoogleAuthService with correct redirect URI"},{"ancestorTitles":["useAuth - Google OAuth Integration","GoogleAuthService Configuration"],"duration":1,"failing":false,"failureDetails":[],"failureMessages":[],"fullName":"useAuth - Google OAuth Integration GoogleAuthService Configuration should create GoogleAuthService with correct scopes","invocations":1,"location":null,"numPassingAsserts":2,"retryReasons":[],"startAt":1761388871953,"status":"passed","title":"should create GoogleAuthService with correct scopes"},{"ancestorTitles":["useAuth - Google OAuth Integration","GoogleAuthService Configuration"],"duration":0,"failing":false,"failureDetails":[],"failureMessages":[],"fullName":"useAuth - Google OAuth Integration GoogleAuthService Configuration should create GoogleAuthService with convexSignIn function","invocations":1,"location":null,"numPassingAsserts":2,"retryReasons":[],"startAt":1761388871954,"status":"passed","title":"should create GoogleAuthService with convexSignIn function"},{"ancestorTitles":["useAuth - Google OAuth Integration","OAuth Flow Success Handling"],"duration":0,"failing":false,"failureDetails":[],"failureMessages":[],"fullName":"useAuth - Google OAuth Integration OAuth Flow Success Handling should handle successful OAuth result with code and verifier","invocations":1,"location":null,"numPassingAsserts":3,"retryReasons":[],"startAt":1761388871954,"status":"passed","title":"should handle successful OAuth result with code and verifier"},{"ancestorTitles":["useAuth - Google OAuth Integration","OAuth Flow Success Handling"],"duration":0,"failing":false,"failureDetails":[],"failureMessages":[],"fullName":"useAuth - Google OAuth Integration OAuth Flow Success Handling should call exchangeCodeForToken with correct parameters on success","invocations":1,"location":null,"numPassingAsserts":1,"retryReasons":[],"startAt":1761388871954,"status":"passed","title":"should call exchangeCodeForToken with correct parameters on success"},{"ancestorTitles":["useAuth - Google OAuth Integration","OAuth Flow Success Handling"],"duration":0,"failing":false,"failureDetails":[],"failureMessages":[],"fullName":"useAuth - Google OAuth Integration OAuth Flow Success Handling should store auth token after successful authentication","invocations":1,"location":null,"numPassingAsserts":1,"retryReasons":[],"startAt":1761388871954,"status":"passed","title":"should store auth token after successful authentication"},{"ancestorTitles":["useAuth - Google OAuth Integration","OAuth Flow Cancellation Handling"],"duration":0,"failing":false,"failureDetails":[],"failureMessages":[],"fullName":"useAuth - Google OAuth Integration OAuth Flow Cancellation Handling should handle user cancellation gracefully","invocations":1,"location":null,"numPassingAsserts":1,"retryReasons":[],"startAt":1761388871955,"status":"passed","title":"should handle user cancellation gracefully"},{"ancestorTitles":["useAuth - Google OAuth Integration","OAuth Flow Cancellation Handling"],"duration":1,"failing":false,"failureDetails":[],"failureMessages":[],"fullName":"useAuth - Google OAuth Integration OAuth Flow Cancellation Handling should not call exchangeCodeForToken when user cancels","invocations":1,"location":null,"numPassingAsserts":1,"retryReasons":[],"startAt":1761388871955,"status":"passed","title":"should not call exchangeCodeForToken when user cancels"},{"ancestorTitles":["useAuth - Google OAuth Integration","OAuth Flow Cancellation Handling"],"duration":0,"failing":false,"failureDetails":[],"failureMessages":[],"fullName":"useAuth - Google OAuth Integration OAuth Flow Cancellation Handling should not store auth token when user cancels","invocations":1,"location":null,"numPassingAsserts":1,"retryReasons":[],"startAt":1761388871956,"status":"passed","title":"should not store auth token when user cancels"},{"ancestorTitles":["useAuth - Google OAuth Integration","OAuth Flow Error Handling"],"duration":0,"failing":false,"failureDetails":[],"failureMessages":[],"fullName":"useAuth - Google OAuth Integration OAuth Flow Error Handling should handle OAuth errors from GoogleAuthService","invocations":1,"location":null,"numPassingAsserts":2,"retryReasons":[],"startAt":1761388871956,"status":"passed","title":"should handle OAuth errors from GoogleAuthService"},{"ancestorTitles":["useAuth - Google OAuth Integration","OAuth Flow Error Handling"],"duration":1,"failing":false,"failureDetails":[],"failureMessages":[],"fullName":"useAuth - Google OAuth Integration OAuth Flow Error Handling should handle missing authorization code error","invocations":1,"location":null,"numPassingAsserts":2,"retryReasons":[],"startAt":1761388871956,"status":"passed","title":"should handle missing authorization code error"},{"ancestorTitles":["useAuth - Google OAuth Integration","OAuth Flow Error Handling"],"duration":0,"failing":false,"failureDetails":[],"failureMessages":[],"fullName":"useAuth - Google OAuth Integration OAuth Flow Error Handling should handle token exchange errors","invocations":1,"location":null,"numPassingAsserts":1,"retryReasons":[],"startAt":1761388871957,"status":"passed","title":"should handle token exchange errors"},{"ancestorTitles":["useAuth - Google OAuth Integration","OAuth Flow Error Handling"],"duration":0,"failing":false,"failureDetails":[],"failureMessages":[],"fullName":"useAuth - Google OAuth Integration OAuth Flow Error Handling should handle network errors during token exchange","invocations":1,"location":null,"numPassingAsserts":1,"retryReasons":[],"startAt":1761388871957,"status":"passed","title":"should handle network errors during token exchange"},{"ancestorTitles":["useAuth - Google OAuth Integration","OAuth Flow Error Handling"],"duration":1,"failing":false,"failureDetails":[],"failureMessages":[],"fullName":"useAuth - Google OAuth Integration OAuth Flow Error Handling should not store auth token when OAuth fails","invocations":1,"location":null,"numPassingAsserts":1,"retryReasons":[],"startAt":1761388871957,"status":"passed","title":"should not store auth token when OAuth fails"},{"ancestorTitles":["useAuth - Google OAuth Integration","Configuration Validation"],"duration":0,"failing":false,"failureDetails":[],"failureMessages":[],"fullName":"useAuth - Google OAuth Integration Configuration Validation should detect missing Google Client ID","invocations":1,"location":null,"numPassingAsserts":1,"retryReasons":[],"startAt":1761388871958,"status":"passed","title":"should detect missing Google Client ID"},{"ancestorTitles":["useAuth - Google OAuth Integration","Configuration Validation"],"duration":0,"failing":false,"failureDetails":[],"failureMessages":[],"fullName":"useAuth - Google OAuth Integration Configuration Validation should validate Google Client ID is present before creating service","invocations":1,"location":null,"numPassingAsserts":2,"retryReasons":[],"startAt":1761388871958,"status":"passed","title":"should validate Google Client ID is present before creating service"},{"ancestorTitles":["useAuth - Google OAuth Integration","Configuration Validation"],"duration":0,"failing":false,"failureDetails":[],"failureMessages":[],"fullName":"useAuth - Google OAuth Integration Configuration Validation should use correct redirect URI scheme","invocations":1,"location":null,"numPassingAsserts":2,"retryReasons":[],"startAt":1761388871958,"status":"passed","title":"should use correct redirect URI scheme"},{"ancestorTitles":["useAuth - Google OAuth Integration","Error State Management"],"duration":0,"failing":false,"failureDetails":[],"failureMessages":[],"fullName":"useAuth - Google OAuth Integration Error State Management should provide specific error message for OAuth errors","invocations":1,"location":null,"numPassingAsserts":1,"retryReasons":[],"startAt":1761388871958,"status":"passed","title":"should provide specific error message for OAuth errors"},{"ancestorTitles":["useAuth - Google OAuth Integration","Error State Management"],"duration":0,"failing":false,"failureDetails":[],"failureMessages":[],"fullName":"useAuth - Google OAuth Integration Error State Management should provide specific error message for missing code/verifier","invocations":1,"location":null,"numPassingAsserts":1,"retryReasons":[],"startAt":1761388871958,"status":"passed","title":"should provide specific error message for missing code/verifier"},{"ancestorTitles":["useAuth - Google OAuth Integration","Error State Management"],"duration":0,"failing":false,"failureDetails":[],"failureMessages":[],"fullName":"useAuth - Google OAuth Integration Error State Management should provide specific error message for token exchange failure","invocations":1,"location":null,"numPassingAsserts":1,"retryReasons":[],"startAt":1761388871958,"status":"passed","title":"should provide specific error message for token exchange failure"},{"ancestorTitles":["useAuth - Google OAuth Integration","Error State Management"],"duration":1,"failing":false,"failureDetails":[],"failureMessages":[],"fullName":"useAuth - Google OAuth Integration Error State Management should provide specific error message for missing configuration","invocations":1,"location":null,"numPassingAsserts":2,"retryReasons":[],"startAt":1761388871958,"status":"passed","title":"should provide specific error message for missing configuration"},{"ancestorTitles":["useAuth - Google OAuth Integration","Error State Management"],"duration":0,"failing":false,"failureDetails":[],"failureMessages":[],"fullName":"useAuth - Google OAuth Integration Error State Management should clear error state before starting new OAuth flow","invocations":1,"location":null,"numPassingAsserts":1,"retryReasons":[],"startAt":1761388871959,"status":"passed","title":"should clear error state before starting new OAuth flow"}],"endTime":1761388871959,"message":"","name":"/Users/MrZang/Development/iTimedIT/apps/mobile/__tests__/hooks/useAuth.test.ts","startTime":1761388871275,"status":"passed","summary":""},{"assertionResults":[{"ancestorTitles":["Data Isolation Integration Tests","Personal Projects Data Isolation"],"duration":0,"failing":false,"failureDetails":[],"failureMessages":[],"fullName":"Data Isolation Integration Tests Personal Projects Data Isolation should only return personal projects when querying personal API","invocations":1,"location":null,"numPassingAsserts":4,"retryReasons":[],"startAt":1761388872008,"status":"passed","title":"should only return personal projects when querying personal API"},{"ancestorTitles":["Data Isolation Integration Tests","Personal Projects Data Isolation"],"duration":0,"failing":false,"failureDetails":[],"failureMessages":[],"fullName":"Data Isolation Integration Tests Personal Projects Data Isolation should only return personal clients when querying personal API","invocations":1,"location":null,"numPassingAsserts":4,"retryReasons":[],"startAt":1761388872008,"status":"passed","title":"should only return personal clients when querying personal API"},{"ancestorTitles":["Data Isolation Integration Tests","Personal Projects Data Isolation"],"duration":0,"failing":false,"failureDetails":[],"failureMessages":[],"fullName":"Data Isolation Integration Tests Personal Projects Data Isolation should only return personal entries when querying personal API","invocations":1,"location":null,"numPassingAsserts":4,"retryReasons":[],"startAt":1761388872009,"status":"passed","title":"should only return personal entries when querying personal API"},{"ancestorTitles":["Data Isolation Integration Tests","Team Projects Data Isolation"],"duration":0,"failing":false,"failureDetails":[],"failureMessages":[],"fullName":"Data Isolation Integration Tests Team Projects Data Isolation should only return team projects when querying team API","invocations":1,"location":null,"numPassingAsserts":4,"retryReasons":[],"startAt":1761388872009,"status":"passed","title":"should only return team projects when querying team API"},{"ancestorTitles":["Data Isolation Integration Tests","Team Projects Data Isolation"],"duration":0,"failing":false,"failureDetails":[],"failureMessages":[],"fullName":"Data Isolation Integration Tests Team Projects Data Isolation should only return team clients when querying team API","invocations":1,"location":null,"numPassingAsserts":4,"retryReasons":[],"startAt":1761388872010,"status":"passed","title":"should only return team clients when querying team API"},{"ancestorTitles":["Data Isolation Integration Tests","Team Projects Data Isolation"],"duration":0,"failing":false,"failureDetails":[],"failureMessages":[],"fullName":"Data Isolation Integration Tests Team Projects Data Isolation should only return team entries when querying team API","invocations":1,"location":null,"numPassingAsserts":4,"retryReasons":[],"startAt":1761388872010,"status":"passed","title":"should only return team entries when querying team API"},{"ancestorTitles":["Data Isolation Integration Tests","API Endpoint Selection Based on Workspace"],"duration":0,"failing":false,"failureDetails":[],"failureMessages":[],"fullName":"Data Isolation Integration Tests API Endpoint Selection Based on Workspace should use personal API endpoints for personal workspace","invocations":1,"location":null,"numPassingAsserts":2,"retryReasons":[],"startAt":1761388872010,"status":"passed","title":"should use personal API endpoints for personal workspace"},{"ancestorTitles":["Data Isolation Integration Tests","API Endpoint Selection Based on Workspace"],"duration":0,"failing":false,"failureDetails":[],"failureMessages":[],"fullName":"Data Isolation Integration Tests API Endpoint Selection Based on Workspace should use team API endpoints for team workspace","invocations":1,"location":null,"numPassingAsserts":2,"retryReasons":[],"startAt":1761388872010,"status":"passed","title":"should use team API endpoints for team workspace"},{"ancestorTitles":["Data Isolation Integration Tests","Cross-Workspace Data Contamination Prevention"],"duration":0,"failing":false,"failureDetails":[],"failureMessages":[],"fullName":"Data Isolation Integration Tests Cross-Workspace Data Contamination Prevention should never return team data when querying personal APIs","invocations":1,"location":null,"numPassingAsserts":3,"retryReasons":[],"startAt":1761388872010,"status":"passed","title":"should never return team data when querying personal APIs"},{"ancestorTitles":["Data Isolation Integration Tests","Cross-Workspace Data Contamination Prevention"],"duration":0,"failing":false,"failureDetails":[],"failureMessages":[],"fullName":"Data Isolation Integration Tests Cross-Workspace Data Contamination Prevention should never return personal data when querying team APIs","invocations":1,"location":null,"numPassingAsserts":3,"retryReasons":[],"startAt":1761388872010,"status":"passed","title":"should never return personal data when querying team APIs"},{"ancestorTitles":["Data Isolation Integration Tests","Workspace Context Parameter Validation"],"duration":0,"failing":false,"failureDetails":[],"failureMessages":[],"fullName":"Data Isolation Integration Tests Workspace Context Parameter Validation should pass correct workspace parameters to team APIs","invocations":1,"location":null,"numPassingAsserts":3,"retryReasons":[],"startAt":1761388872011,"status":"passed","title":"should pass correct workspace parameters to team APIs"},{"ancestorTitles":["Data Isolation Integration Tests","Workspace Context Parameter Validation"],"duration":0,"failing":false,"failureDetails":[],"failureMessages":[],"fullName":"Data Isolation Integration Tests Workspace Context Parameter Validation should not pass workspace parameters to personal APIs","invocations":1,"location":null,"numPassingAsserts":3,"retryReasons":[],"startAt":1761388872011,"status":"passed","title":"should not pass workspace parameters to personal APIs"},{"ancestorTitles":["Data Isolation Integration Tests","Data Refresh on Workspace Switch"],"duration":0,"failing":false,"failureDetails":[],"failureMessages":[],"fullName":"Data Isolation Integration Tests Data Refresh on Workspace Switch should refresh data when switching from personal to team workspace","invocations":1,"location":null,"numPassingAsserts":2,"retryReasons":[],"startAt":1761388872011,"status":"passed","title":"should refresh data when switching from personal to team workspace"},{"ancestorTitles":["Data Isolation Integration Tests","Data Refresh on Workspace Switch"],"duration":0,"failing":false,"failureDetails":[],"failureMessages":[],"fullName":"Data Isolation Integration Tests Data Refresh on Workspace Switch should refresh data when switching from team to personal workspace","invocations":1,"location":null,"numPassingAsserts":2,"retryReasons":[],"startAt":1761388872011,"status":"passed","title":"should refresh data when switching from team to personal workspace"}],"endTime":1761388872011,"message":"","name":"/Users/MrZang/Development/iTimedIT/apps/mobile/__tests__/integration/dataIsolation.test.ts","startTime":1761388871962,"status":"passed","summary":""},{"assertionResults":[{"ancestorTitles":["Error Handling Utilities","createAuthError"],"duration":1,"failing":false,"failureDetails":[],"failureMessages":[],"fullName":"Error Handling Utilities createAuthError should create a structured auth error","invocations":1,"location":null,"numPassingAsserts":7,"retryReasons":[],"startAt":1761388872060,"status":"passed","title":"should create a structured auth error"},{"ancestorTitles":["Error Handling Utilities","createAuthError"],"duration":0,"failing":false,"failureDetails":[],"failureMessages":[],"fullName":"Error Handling Utilities createAuthError should use default values for optional parameters","invocations":1,"location":null,"numPassingAsserts":3,"retryReasons":[],"startAt":1761388872061,"status":"passed","title":"should use default values for optional parameters"},{"ancestorTitles":["Error Handling Utilities","categorizeError"],"duration":0,"failing":false,"failureDetails":[],"failureMessages":[],"fullName":"Error Handling Utilities categorizeError should categorize user cancellation errors","invocations":1,"location":null,"numPassingAsserts":3,"retryReasons":[],"startAt":1761388872061,"status":"passed","title":"should categorize user cancellation errors"},{"ancestorTitles":["Error Handling Utilities","categorizeError"],"duration":1,"failing":false,"failureDetails":[],"failureMessages":[],"fullName":"Error Handling Utilities categorizeError should categorize network errors","invocations":1,"location":null,"numPassingAsserts":5,"retryReasons":[],"startAt":1761388872061,"status":"passed","title":"should categorize network errors"},{"ancestorTitles":["Error Handling Utilities","categorizeError"],"duration":0,"failing":false,"failureDetails":[],"failureMessages":[],"fullName":"Error Handling Utilities categorizeError should categorize OAuth errors","invocations":1,"location":null,"numPassingAsserts":6,"retryReasons":[],"startAt":1761388872062,"status":"passed","title":"should categorize OAuth errors"},{"ancestorTitles":["Error Handling Utilities","categorizeError"],"duration":0,"failing":false,"failureDetails":[],"failureMessages":[],"fullName":"Error Handling Utilities categorizeError should categorize Convex errors","invocations":1,"location":null,"numPassingAsserts":3,"retryReasons":[],"startAt":1761388872062,"status":"passed","title":"should categorize Convex errors"},{"ancestorTitles":["Error Handling Utilities","categorizeError"],"duration":0,"failing":false,"failureDetails":[],"failureMessages":[],"fullName":"Error Handling Utilities categorizeError should categorize configuration errors","invocations":1,"location":null,"numPassingAsserts":3,"retryReasons":[],"startAt":1761388872062,"status":"passed","title":"should categorize configuration errors"},{"ancestorTitles":["Error Handling Utilities","categorizeError"],"duration":0,"failing":false,"failureDetails":[],"failureMessages":[],"fullName":"Error Handling Utilities categorizeError should return UNKNOWN for unrecognized errors","invocations":1,"location":null,"numPassingAsserts":4,"retryReasons":[],"startAt":1761388872062,"status":"passed","title":"should return UNKNOWN for unrecognized errors"},{"ancestorTitles":["Error Handling Utilities","getUserFriendlyMessage"],"duration":0,"failing":false,"failureDetails":[],"failureMessages":[],"fullName":"Error Handling Utilities getUserFriendlyMessage should return appropriate message for user cancellation","invocations":1,"location":null,"numPassingAsserts":1,"retryReasons":[],"startAt":1761388872062,"status":"passed","title":"should return appropriate message for user cancellation"},{"ancestorTitles":["Error Handling Utilities","getUserFriendlyMessage"],"duration":0,"failing":false,"failureDetails":[],"failureMessages":[],"fullName":"Error Handling Utilities getUserFriendlyMessage should return appropriate message for network errors","invocations":1,"location":null,"numPassingAsserts":1,"retryReasons":[],"startAt":1761388872062,"status":"passed","title":"should return appropriate message for network errors"},{"ancestorTitles":["Error Handling Utilities","getUserFriendlyMessage"],"duration":0,"failing":false,"failureDetails":[],"failureMessages":[],"fullName":"Error Handling Utilities getUserFriendlyMessage should return appropriate message for OAuth errors","invocations":1,"location":null,"numPassingAsserts":1,"retryReasons":[],"startAt":1761388872062,"status":"passed","title":"should return appropriate message for OAuth errors"},{"ancestorTitles":["Error Handling Utilities","getUserFriendlyMessage"],"duration":0,"failing":false,"failureDetails":[],"failureMessages":[],"fullName":"Error Handling Utilities getUserFriendlyMessage should return appropriate message for Convex errors","invocations":1,"location":null,"numPassingAsserts":1,"retryReasons":[],"startAt":1761388872063,"status":"passed","title":"should return appropriate message for Convex errors"},{"ancestorTitles":["Error Handling Utilities","getUserFriendlyMessage"],"duration":0,"failing":false,"failureDetails":[],"failureMessages":[],"fullName":"Error Handling Utilities getUserFriendlyMessage should return appropriate message for configuration errors","invocations":1,"location":null,"numPassingAsserts":1,"retryReasons":[],"startAt":1761388872063,"status":"passed","title":"should return appropriate message for configuration errors"},{"ancestorTitles":["Error Handling Utilities","getUserFriendlyMessage"],"duration":0,"failing":false,"failureDetails":[],"failureMessages":[],"fullName":"Error Handling Utilities getUserFriendlyMessage should return original message for unknown errors","invocations":1,"location":null,"numPassingAsserts":1,"retryReasons":[],"startAt":1761388872063,"status":"passed","title":"should return original message for unknown errors"},{"ancestorTitles":["Error Handling Utilities","getUserFriendlyMessage"],"duration":0,"failing":false,"failureDetails":[],"failureMessages":[],"fullName":"Error Handling Utilities getUserFriendlyMessage should return default message for unknown errors without original message","invocations":1,"location":null,"numPassingAsserts":1,"retryReasons":[],"startAt":1761388872063,"status":"passed","title":"should return default message for unknown errors without original message"},{"ancestorTitles":["Error Handling Utilities","isRecoverable"],"duration":0,"failing":false,"failureDetails":[],"failureMessages":[],"fullName":"Error Handling Utilities isRecoverable should return true for recoverable errors","invocations":1,"location":null,"numPassingAsserts":5,"retryReasons":[],"startAt":1761388872063,"status":"passed","title":"should return true for recoverable errors"},{"ancestorTitles":["Error Handling Utilities","isRecoverable"],"duration":0,"failing":false,"failureDetails":[],"failureMessages":[],"fullName":"Error Handling Utilities isRecoverable should return false for non-recoverable errors","invocations":1,"location":null,"numPassingAsserts":1,"retryReasons":[],"startAt":1761388872063,"status":"passed","title":"should return false for non-recoverable errors"},{"ancestorTitles":["Error Handling Utilities","isRetryable"],"duration":0,"failing":false,"failureDetails":[],"failureMessages":[],"fullName":"Error Handling Utilities isRetryable should return true for retryable errors","invocations":1,"location":null,"numPassingAsserts":2,"retryReasons":[],"startAt":1761388872063,"status":"passed","title":"should return true for retryable errors"},{"ancestorTitles":["Error Handling Utilities","isRetryable"],"duration":0,"failing":false,"failureDetails":[],"failureMessages":[],"fullName":"Error Handling Utilities isRetryable should return false for non-retryable errors","invocations":1,"location":null,"numPassingAsserts":4,"retryReasons":[],"startAt":1761388872063,"status":"passed","title":"should return false for non-retryable errors"},{"ancestorTitles":["Error Handling Utilities","handleAuthError"],"duration":6,"failing":false,"failureDetails":[],"failureMessages":[],"fullName":"Error Handling Utilities handleAuthError should handle and categorize errors","invocations":1,"location":null,"numPassingAsserts":6,"retryReasons":[],"startAt":1761388872063,"status":"passed","title":"should handle and categorize errors"},{"ancestorTitles":["Error Handling Utilities","handleAuthError"],"duration":0,"failing":false,"failureDetails":[],"failureMessages":[],"fullName":"Error Handling Utilities handleAuthError should handle errors without message","invocations":1,"location":null,"numPassingAsserts":2,"retryReasons":[],"startAt":1761388872069,"status":"passed","title":"should handle errors without message"},{"ancestorTitles":["Error Handling Utilities","handleAuthError"],"duration":0,"failing":false,"failureDetails":[],"failureMessages":[],"fullName":"Error Handling Utilities handleAuthError should handle null/undefined errors","invocations":1,"location":null,"numPassingAsserts":2,"retryReasons":[],"startAt":1761388872069,"status":"passed","title":"should handle null/undefined errors"},{"ancestorTitles":["Error Handling Utilities","shouldShowError"],"duration":0,"failing":false,"failureDetails":[],"failureMessages":[],"fullName":"Error Handling Utilities shouldShowError should return false for user cancellation","invocations":1,"location":null,"numPassingAsserts":1,"retryReasons":[],"startAt":1761388872070,"status
[...]
ementation Verification","Implementation Quality Verification"],"duration":0,"failing":false,"failureDetails":[],"failureMessages":[],"fullName":"Final Workspace Implementation Verification Implementation Quality Verification should verify companion app UI integration","invocations":1,"location":null,"numPassingAsserts":1,"retryReasons":[],"startAt":1761388872105,"status":"passed","title":"should verify companion app UI integration"},{"ancestorTitles":["Final Workspace Implementation Verification","Implementation Quality Verification"],"duration":0,"failing":false,"failureDetails":[],"failureMessages":[],"fullName":"Final Workspace Implementation Verification Implementation Quality Verification should verify TypeScript type safety","invocations":1,"location":null,"numPassingAsserts":1,"retryReasons":[],"startAt":1761388872105,"status":"passed","title":"should verify TypeScript type safety"},{"ancestorTitles":["Final Workspace Implementation Verification","Requirements Coverage Verification"],"duration":1,"failing":false,"failureDetails":[],"failureMessages":[],"fullName":"Final Workspace Implementation Verification Requirements Coverage Verification should verify Requirement 1.1: Organization context detection","invocations":1,"location":null,"numPassingAsserts":1,"retryReasons":[],"startAt":1761388872105,"status":"passed","title":"should verify Requirement 1.1: Organization context detection"},{"ancestorTitles":["Final Workspace Implementation Verification","Requirements Coverage Verification"],"duration":0,"failing":false,"failureDetails":[],"failureMessages":[],"fullName":"Final Workspace Implementation Verification Requirements Coverage Verification should verify Requirements 2.1-2.4: Personal projects data access","invocations":1,"location":null,"numPassingAsserts":1,"retryReasons":[],"startAt":1761388872106,"status":"passed","title":"should verify Requirements 2.1-2.4: Personal projects data access"},{"ancestorTitles":["Final Workspace Implementation Verification","Requirements Coverage Verification"],"duration":0,"failing":false,"failureDetails":[],"failureMessages":[],"fullName":"Final Workspace Implementation Verification Requirements Coverage Verification should verify Requirements 3.1-3.4: Team projects data access","invocations":1,"location":null,"numPassingAsserts":1,"retryReasons":[],"startAt":1761388872106,"status":"passed","title":"should verify Requirements 3.1-3.4: Team projects data access"},{"ancestorTitles":["Final Workspace Implementation Verification","Requirements Coverage Verification"],"duration":0,"failing":false,"failureDetails":[],"failureMessages":[],"fullName":"Final Workspace Implementation Verification Requirements Coverage Verification should verify Requirements 4.1-4.4: Timer functionality","invocations":1,"location":null,"numPassingAsserts":1,"retryReasons":[],"startAt":1761388872106,"status":"passed","title":"should verify Requirements 4.1-4.4: Timer functionality"},{"ancestorTitles":["Final Workspace Implementation Verification","Requirements Coverage Verification"],"duration":0,"failing":false,"failureDetails":[],"failureMessages":[],"fullName":"Final Workspace Implementation Verification Requirements Coverage Verification should verify Requirements 5.1-5.3: Organization switching","invocations":1,"location":null,"numPassingAsserts":1,"retryReasons":[],"startAt":1761388872106,"status":"passed","title":"should verify Requirements 5.1-5.3: Organization switching"},{"ancestorTitles":["Final Workspace Implementation Verification","Requirements Coverage Verification"],"duration":0,"failing":false,"failureDetails":[],"failureMessages":[],"fullName":"Final Workspace Implementation Verification Requirements Coverage Verification should verify Requirements 6.1-6.2: Seamless workspace switching","invocations":1,"location":null,"numPassingAsserts":1,"retryReasons":[],"startAt":1761388872106,"status":"passed","title":"should verify Requirements 6.1-6.2: Seamless workspace switching"},{"ancestorTitles":["Final Workspace Implementation Verification","Requirements Coverage Verification"],"duration":0,"failing":false,"failureDetails":[],"failureMessages":[],"fullName":"Final Workspace Implementation Verification Requirements Coverage Verification should verify Requirements 7.1-7.5: Companion app experience","invocations":1,"location":null,"numPassingAsserts":1,"retryReasons":[],"startAt":1761388872106,"status":"passed","title":"should verify Requirements 7.1-7.5: Companion app experience"},{"ancestorTitles":["Final Workspace Implementation Verification","Test Coverage Summary"],"duration":0,"failing":false,"failureDetails":[],"failureMessages":[],"fullName":"Final Workspace Implementation Verification Test Coverage Summary should verify comprehensive test coverage","invocations":1,"location":null,"numPassingAsserts":1,"retryReasons":[],"startAt":1761388872106,"status":"passed","title":"should verify comprehensive test coverage"},{"ancestorTitles":["Final Workspace Implementation Verification","Test Coverage Summary"],"duration":1,"failing":false,"failureDetails":[],"failureMessages":[],"fullName":"Final Workspace Implementation Verification Test Coverage Summary should verify all test scenarios pass","invocations":1,"location":null,"numPassingAsserts":1,"retryReasons":[],"startAt":1761388872106,"status":"passed","title":"should verify all test scenarios pass"},{"ancestorTitles":["Final Workspace Implementation Verification","Task 6: Final Integration and Testing - COMPLETED"],"duration":0,"failing":false,"failureDetails":[],"failureMessages":[],"fullName":"Final Workspace Implementation Verification Task 6: Final Integration and Testing - COMPLETED should confirm all subtasks completed successfully","invocations":1,"location":null,"numPassingAsserts":1,"retryReasons":[],"startAt":1761388872107,"status":"passed","title":"should confirm all subtasks completed successfully"}],"endTime":1761388872108,"message":"","name":"/Users/MrZang/Development/iTimedIT/apps/mobile/__tests__/integration/finalVerification.test.ts","startTime":1761388872076,"status":"passed","summary":""},{"assertionResults":[{"ancestorTitles":["Timer Workspace Context Integration Tests","Timer Start/Stop in Personal Workspace"],"duration":0,"failing":false,"failureDetails":[],"failureMessages":[],"fullName":"Timer Workspace Context Integration Tests Timer Start/Stop in Personal Workspace should start timer in personal workspace with correct context","invocations":1,"location":null,"numPassingAsserts":1,"retryReasons":[],"startAt":1761388872141,"status":"passed","title":"should start timer in personal workspace with correct context"},{"ancestorTitles":["Timer Workspace Context Integration Tests","Timer Start/Stop in Personal Workspace"],"duration":0,"failing":false,"failureDetails":[],"failureMessages":[],"fullName":"Timer Workspace Context Integration Tests Timer Start/Stop in Personal Workspace should stop timer in personal workspace with correct context","invocations":1,"location":null,"numPassingAsserts":1,"retryReasons":[],"startAt":1761388872142,"status":"passed","title":"should stop timer in personal workspace with correct context"},{"ancestorTitles":["Timer Workspace Context Integration Tests","Timer Start/Stop in Personal Workspace"],"duration":0,"failing":false,"failureDetails":[],"failureMessages":[],"fullName":"Timer Workspace Context Integration Tests Timer Start/Stop in Personal Workspace should send heartbeats in personal workspace with correct context","invocations":1,"location":null,"numPassingAsserts":1,"retryReasons":[],"startAt":1761388872142,"status":"passed","title":"should send heartbeats in personal workspace with correct context"},{"ancestorTitles":["Timer Workspace Context Integration Tests","Timer Start/Stop in Team Workspace"],"duration":0,"failing":false,"failureDetails":[],"failureMessages":[],"fullName":"Timer Workspace Context Integration Tests Timer Start/Stop in Team Workspace should start timer in team workspace with correct context","invocations":1,"location":null,"numPassingAsserts":1,"retryReasons":[],"startAt":1761388872142,"status":"passed","title":"should start timer in team workspace with correct context"},{"ancestorTitles":["Timer Workspace Context Integration Tests","Timer Start/Stop in Team Workspace"],"duration":0,"failing":false,"failureDetails":[],"failureMessages":[],"fullName":"Timer Workspace Context Integration Tests Timer Start/Stop in Team Workspace should stop timer in team workspace with correct context","invocations":1,"location":null,"numPassingAsserts":1,"retryReasons":[],"startAt":1761388872142,"status":"passed","title":"should stop timer in team workspace with correct context"},{"ancestorTitles":["Timer Workspace Context Integration Tests","Timer Start/Stop in Team Workspace"],"duration":0,"failing":false,"failureDetails":[],"failureMessages":[],"fullName":"Timer Workspace Context Integration Tests Timer Start/Stop in Team Workspace should send heartbeats in team workspace with correct context","invocations":1,"location":null,"numPassingAsserts":1,"retryReasons":[],"startAt":1761388872142,"status":"passed","title":"should send heartbeats in team workspace with correct context"},{"ancestorTitles":["Timer Workspace Context Integration Tests","Timer Data Creation in Correct Workspace Context"],"duration":9,"failing":false,"failureDetails":[],"failureMessages":[],"fullName":"Timer Workspace Context Integration Tests Timer Data Creation in Correct Workspace Context should create timer entries in personal workspace","invocations":1,"location":null,"numPassingAsserts":2,"retryReasons":[],"startAt":1761388872142,"status":"passed","title":"should create timer entries in personal workspace"},{"ancestorTitles":["Timer Workspace Context Integration Tests","Timer Data Creation in Correct Workspace Context"],"duration":0,"failing":false,"failureDetails":[],"failureMessages":[],"fullName":"Timer Workspace Context Integration Tests Timer Data Creation in Correct Workspace Context should create timer entries in team workspace","invocations":1,"location":null,"numPassingAsserts":2,"retryReasons":[],"startAt":1761388872151,"status":"passed","title":"should create timer entries in team workspace"},{"ancestorTitles":["Timer Workspace Context Integration Tests","Timer Error Handling Across Workspaces"],"duration":0,"failing":false,"failureDetails":[],"failureMessages":[],"fullName":"Timer Workspace Context Integration Tests Timer Error Handling Across Workspaces should handle timer start errors in personal workspace","invocations":1,"location":null,"numPassingAsserts":1,"retryReasons":[],"startAt":1761388872151,"status":"passed","title":"should handle timer start errors in personal workspace"},{"ancestorTitles":["Timer Workspace Context Integration Tests","Timer Error Handling Across Workspaces"],"duration":0,"failing":false,"failureDetails":[],"failureMessages":[],"fullName":"Timer Workspace Context Integration Tests Timer Error Handling Across Workspaces should handle timer start errors in team workspace","invocations":1,"location":null,"numPassingAsserts":1,"retryReasons":[],"startAt":1761388872151,"status":"passed","title":"should handle timer start errors in team workspace"},{"ancestorTitles":["Timer Workspace Context Integration Tests","Timer Query Context Switching"],"duration":0,"failing":false,"failureDetails":[],"failureMessages":[],"fullName":"Timer Workspace Context Integration Tests Timer Query Context Switching should query timer data with personal workspace context","invocations":1,"location":null,"numPassingAsserts":1,"retryReasons":[],"startAt":1761388872151,"status":"passed","title":"should query timer data with personal workspace context"},{"ancestorTitles":["Timer Workspace Context Integration Tests","Timer Query Context Switching"],"duration":0,"failing":false,"failureDetails":[],"failureMessages":[],"fullName":"Timer Workspace Context Integration Tests Timer Query Context Switching should query timer data with team workspace context","invocations":1,"location":null,"numPassingAsserts":1,"retryReasons":[],"startAt":1761388872151,"status":"passed","title":"should query timer data with team workspace context"},{"ancestorTitles":["Timer Workspace Context Integration Tests","Timer Interrupt Handling"],"duration":0,"failing":false,"failureDetails":[],"failureMessages":[],"fullName":"Timer Workspace Context Integration Tests Timer Interrupt Handling should acknowledge interrupts with correct workspace context","invocations":1,"location":null,"numPassingAsserts":1,"retryReasons":[],"startAt":1761388872151,"status":"passed","title":"should acknowledge interrupts with correct workspace context"},{"ancestorTitles":["Timer Workspace Context Integration Tests","Timer Interrupt Handling"],"duration":1,"failing":false,"failureDetails":[],"failureMessages":[],"fullName":"Timer Workspace Context Integration Tests Timer Interrupt Handling should acknowledge interrupts in team workspace","invocations":1,"location":null,"numPassingAsserts":1,"retryReasons":[],"startAt":1761388872151,"status":"passed","title":"should acknowledge interrupts in team workspace"},{"ancestorTitles":["Timer Workspace Context Integration Tests","Timer Reset Operations"],"duration":0,"failing":false,"failureDetails":[],"failureMessages":[],"fullName":"Timer Workspace Context Integration Tests Timer Reset Operations should reset timer in personal workspace","invocations":1,"location":null,"numPassingAsserts":1,"retryReasons":[],"startAt":1761388872152,"status":"passed","title":"should reset timer in personal workspace"},{"ancestorTitles":["Timer Workspace Context Integration Tests","Timer Reset Operations"],"duration":0,"failing":false,"failureDetails":[],"failureMessages":[],"fullName":"Timer Workspace Context Integration Tests Timer Reset Operations should reset timer in team workspace","invocations":1,"location":null,"numPassingAsserts":1,"retryReasons":[],"startAt":1761388872152,"status":"passed","title":"should reset timer in team workspace"}],"endTime":1761388872152,"message":"","name":"/Users/MrZang/Development/iTimedIT/apps/mobile/__tests__/integration/timerWorkspaceContext.test.ts","startTime":1761388872110,"status":"passed","summary":""},{"assertionResults":[{"ancestorTitles":["Workspace Switching Integration Tests","Workspace Type Switching"],"duration":0,"failing":false,"failureDetails":[],"failureMessages":[],"fullName":"Workspace Switching Integration Tests Workspace Type Switching should handle workspace type switching correctly","invocations":1,"location":null,"numPassingAsserts":1,"retryReasons":[],"startAt":1761388872191,"status":"passed","title":"should handle workspace type switching correctly"},{"ancestorTitles":["Workspace Switching Integration Tests","Workspace Type Switching"],"duration":1,"failing":false,"failureDetails":[],"failureMessages":[],"fullName":"Workspace Switching Integration Tests Workspace Type Switching should handle workspace switching errors gracefully","invocations":1,"location":null,"numPassingAsserts":1,"retryReasons":[],"startAt":1761388872191,"status":"passed","title":"should handle workspace switching errors gracefully"},{"ancestorTitles":["Workspace Switching Integration Tests","Organization Switching"],"duration":0,"failing":false,"failureDetails":[],"failureMessages":[],"fullName":"Workspace Switching Integration Tests Organization Switching should switch between organizations correctly","invocations":1,"location":null,"numPassingAsserts":1,"retryReasons":[],"startAt":1761388872192,"status":"passed","title":"should switch between organizations correctly"},{"ancestorTitles":["Workspace Switching Integration Tests","Organization Switching"],"duration":0,"failing":false,"failureDetails":[],"failureMessages":[],"fullName":"Workspace Switching Integration Tests Organization Switching should handle organization switching permission errors","invocations":1,"location":null,"numPassingAsserts":1,"retryReasons":[],"startAt":1761388872192,"status":"passed","title":"should handle organization switching permission errors"},{"ancestorTitles":["Workspace Switching Integration Tests","Workspace State Persistence"],"duration":0,"failing":false,"failureDetails":[],"failureMessages":[],"fullName":"Workspace Switching Integration Tests Workspace State Persistence should persist workspace state in storage","invocations":1,"location":null,"numPassingAsserts":2,"retryReasons":[],"startAt":1761388872192,"status":"passed","title":"should persist workspace state in storage"},{"ancestorTitles":["Workspace Switching Integration Tests","Workspace State Persistence"],"duration":0,"failing":false,"failureDetails":[],"failureMessages":[],"fullName":"Workspace Switching Integration Tests Workspace State Persistence should handle storage errors during workspace loading","invocations":1,"location":null,"numPassingAsserts":1,"retryReasons":[],"startAt":1761388872192,"status":"passed","title":"should handle storage errors during workspace loading"},{"ancestorTitles":["Workspace Switching Integration Tests","Workspace Context Initialization"],"duration":0,"failing":false,"failureDetails":[],"failureMessages":[],"fullName":"Workspace Switching Integration Tests Workspace Context Initialization should ensure personal workspace exists on user login","invocations":1,"location":null,"numPassingAsserts":1,"retryReasons":[],"startAt":1761388872192,"status":"passed","title":"should ensure personal workspace exists on user login"},{"ancestorTitles":["Workspace Switching Integration Tests","Workspace Context Initialization"],"duration":0,"failing":false,"failureDetails":[],"failureMessages":[],"fullName":"Workspace Switching Integration Tests Workspace Context Initialization should handle workspace initialization failures","invocations":1,"location":null,"numPassingAsserts":1,"retryReasons":[],"startAt":1761388872192,"status":"passed","title":"should handle workspace initialization failures"},{"ancestorTitles":["Workspace Switching Integration Tests","Toast Notifications"],"duration":0,"failing":false,"failureDetails":[],"failureMessages":[],"fullName":"Workspace Switching Integration Tests Toast Notifications should show success toast for workspace switching","invocations":1,"location":null,"numPassingAsserts":1,"retryReasons":[],"startAt":1761388872193,"status":"passed","title":"should show success toast for workspace switching"},{"ancestorTitles":["Workspace Switching Integration Tests","Toast Notifications"],"duration":0,"failing":false,"failureDetails":[],"failureMessages":[],"fullName":"Workspace Switching Integration Tests Toast Notifications should show error toast for workspace switching failures","invocations":1,"location":null,"numPassingAsserts":1,"retryReasons":[],"startAt":1761388872193,"status":"passed","title":"should show error toast for workspace switching failures"},{"ancestorTitles":["Workspace Switching Integration Tests","Toast Notifications"],"duration":0,"failing":false,"failureDetails":[],"failureMessages":[],"fullName":"Workspace Switching Integration Tests Toast Notifications should show success toast for organization switching","invocations":1,"location":null,"numPassingAsserts":1,"retryReasons":[],"startAt":1761388872193,"status":"passed","title":"should show success toast for organization switching"},{"ancestorTitles":["Workspace Switching Integration Tests","Toast Notifications"],"duration":0,"failing":false,"failureDetails":[],"failureMessages":[],"fullName":"Workspace Switching Integration Tests Toast Notifications should show error toast for organization switching failures","invocations":1,"location":null,"numPassingAsserts":1,"retryReasons":[],"startAt":1761388872193,"status":"passed","title":"should show error toast for organization switching failures"}],"endTime":1761388872193,"message":"","name":"/Users/MrZang/Development/iTimedIT/apps/mobile/__tests__/integration/workspaceSwitching.test.ts","startTime":1761388872154,"status":"passed","summary":""}],"wasInterrupted":false}
